app/build/outputs/logs/manifest-merger-debug-report.txt
-- Merging decision tree log ---
manifest
ADDED from src\main\AndroidManifest.xml:1:1-190:12
	xmlns:android
		ADDED from src\main\AndroidManifest.xml:1:11-69
	package
		ADDED from src\main\AndroidManifest.xml:2:5-29
		INJECTED from src\main\AndroidManifest.xml
		INJECTED from src\main\AndroidManifest.xml
	android:versionName
		ADDED from src\main\AndroidManifest.xml:4:5-33
		INJECTED from src\main\AndroidManifest.xml
		INJECTED from src\main\AndroidManifest.xml
	android:versionCode
		ADDED from src\main\AndroidManifest.xml:3:5-28
		INJECTED from src\main\AndroidManifest.xml
		INJECTED from src\main\AndroidManifest.xml
uses-sdk
ADDED from src\main\AndroidManifest.xml:6:5-9:16
MERGED from [com.android.support:multidex:1.0.1] AndroidManifest.xml:18:5-42
	android:targetSdkVersion
		ADDED from src\main\AndroidManifest.xml:8:9-38
		INJECTED from src\main\AndroidManifest.xml
		INJECTED from src\main\AndroidManifest.xml
	android:minSdkVersion
		ADDED from src\main\AndroidManifest.xml:7:9-34
		INJECTED from src\main\AndroidManifest.xml
		INJECTED from src\main\AndroidManifest.xml
uses-permission#android.permission.INTERNET
ADDED from src\main\AndroidManifest.xml:11:5-67
	android:name
		ADDED from src\main\AndroidManifest.xml:11:22-64
uses-permission#android.permission.ACCESS_NETWORK_STATE
ADDED from src\main\AndroidManifest.xml:12:5-79
	android:name
		ADDED from src\main\AndroidManifest.xml:12:22-76
uses-permission#android.permission.WRITE_EXTERNAL_STORAGE
ADDED from src\main\AndroidManifest.xml:13:5-81
	android:name
		ADDED from src\main\AndroidManifest.xml:13:22-78
uses-permission#android.permission.ACCESS_WIFI_STATE
ADDED from src\main\AndroidManifest.xml:14:5-76
	android:name
		ADDED from src\main\AndroidManifest.xml:14:22-73
uses-permission#android.permission.CAMERA
ADDED from src\main\AndroidManifest.xml:15:5-65
	android:name
		ADDED from src\main\AndroidManifest.xml:15:22-62
uses-permission#android.permission.RECORD_AUDIO
ADDED from src\main\AndroidManifest.xml:16:5-71
	android:name
		ADDED from src\main\AndroidManifest.xml:16:22-68
uses-permission#android.permission.MOUNT_UNMOUNT_FILESYSTEMS
ADDED from src\main\AndroidManifest.xml:17:5-84
	android:name
		ADDED from src\main\AndroidManifest.xml:17:22-81
uses-permission#android.permission.READ_SMS
ADDED from src\main\AndroidManifest.xml:18:5-67
	android:name
		ADDED from src\main\AndroidManifest.xml:18:22-64
uses-permission#android.permission.WRITE_SMS
ADDED from src\main\AndroidManifest.xml:19:5-68
	android:name
		ADDED from src\main\AndroidManifest.xml:19:22-65
uses-permission#android.permission.READ_CONTACTS
ADDED from src\main\AndroidManifest.xml:20:5-72
	android:name
		ADDED from src\main\AndroidManifest.xml:20:22-69
uses-permission#android.permission.WRITE_CONTACTS
ADDED from src\main\AndroidManifest.xml:21:5-73
	android:name
		ADDED from src\main\AndroidManifest.xml:21:22-70
application
ADDED from src\main\AndroidManifest.xml:23:5-188:19
MERGED from [XinYunPan1:chdclnetapi:unspecified] AndroidManifest.xml:6:5-20
MERGED from [XinYunPan1:thriftlib:unspecified] AndroidManifest.xml:6:5-20
	android:label
		ADDED from src\main\AndroidManifest.xml:28:9-41
	android:allowBackup
		ADDED from src\main\AndroidManifest.xml:25:9-35
	android:icon
		ADDED from src\main\AndroidManifest.xml:27:9-38
	android:theme
		ADDED from src\main\AndroidManifest.xml:29:9-40
	android:hardwareAccelerated
		ADDED from src\main\AndroidManifest.xml:26:9-43
	android:name
		ADDED from src\main\AndroidManifest.xml:24:9-65
activity#com.chd.yunpan.ui.LoginActivity
ADDED from src\main\AndroidManifest.xml:30:9-38:20
	android:screenOrientation
		ADDED from src\main\AndroidManifest.xml:32:13-49
	android:name
		ADDED from src\main\AndroidManifest.xml:31:13-59
intent-filter#android.intent.action.MAIN+android.intent.category.LAUNCHER
ADDED from src\main\AndroidManifest.xml:33:13-37:29
action#android.intent.action.MAIN
ADDED from src\main\AndroidManifest.xml:34:17-69
	android:name
		ADDED from src\main\AndroidManifest.xml:34:25-66
category#android.intent.category.LAUNCHER
ADDED from src\main\AndroidManifest.xml:36:17-77
	android:name
		ADDED from src\main\AndroidManifest.xml:36:27-74
activity#com.chd.yunpan.ui.MainFragmentActivity
ADDED from src\main\AndroidManifest.xml:39:9-42:20
	android:screenOrientation
		ADDED from src\main\AndroidManifest.xml:41:13-49
	android:name
		ADDED from src\main\AndroidManifest.xml:40:13-66
activity#com.chd.yunpan.ui.MyspaceActivity
ADDED from src\main\AndroidManifest.xml:43:9-45:52
	android:screenOrientation
		ADDED from src\main\AndroidManifest.xml:45:13-49
	android:name
		ADDED from src\main\AndroidManifest.xml:44:13-61
activity#com.chd.yunpan.ui.FreeDownActivity
ADDED from src\main\AndroidManifest.xml:46:9-48:52
	android:screenOrientation
		ADDED from src\main\AndroidManifest.xml:48:13-49
	android:name
		ADDED from src\main\AndroidManifest.xml:47:13-62
activity#com.chd.notepad.ui.activity.NotepadActivity
ADDED from src\main\AndroidManifest.xml:49:9-51:52
	android:screenOrientation
		ADDED from src\main\AndroidManifest.xml:51:13-49
	android:name
		ADDED from src\main\AndroidManifest.xml:50:13-71
activity#com.chd.notepad.ui.activity.NotepadEditActivity
ADDED from src\main\AndroidManifest.xml:52:9-54:52
	android:screenOrientation
		ADDED from src\main\AndroidManifest.xml:54:13-49
	android:name
		ADDED from src\main\AndroidManifest.xml:53:13-75
activity#com.chd.notepad.ui.activity.NotepadCheckActivity
ADDED from src\main\AndroidManifest.xml:55:9-57:52
	android:screenOrientation
		ADDED from src\main\AndroidManifest.xml:57:13-49
	android:name
		ADDED from src\main\AndroidManifest.xml:56:13-76
activity#com.chd.contacts.ui.ContactActivity
ADDED from src\main\AndroidManifest.xml:58:9-61:20
	android:screenOrientation
		ADDED from src\main\AndroidManifest.xml:60:13-49
	android:name
		ADDED from src\main\AndroidManifest.xml:59:13-63
activity#com.chd.music.ui.MusicActivity
ADDED from src\main\AndroidManifest.xml:62:9-65:20
	android:screenOrientation
		ADDED from src\main\AndroidManifest.xml:64:13-49
	android:name
		ADDED from src\main\AndroidManifest.xml:63:13-58
activity#com.chd.music.ui.MusicBackupActivity
ADDED from src\main\AndroidManifest.xml:66:9-69:20
	android:screenOrientation
		ADDED from src\main\AndroidManifest.xml:68:13-49
	android:name
		ADDED from src\main\AndroidManifest.xml:67:13-64
activity#com.chd.music.ui.MusicDetailActivity
ADDED from src\main\AndroidManifest.xml:70:9-73:20
	android:screenOrientation
		ADDED from src\main\AndroidManifest.xml:72:13-49
	android:name
		ADDED from src\main\AndroidManifest.xml:71:13-64
activity#com.chd.smsbackup.ui.SmsActivity
ADDED from src\main\AndroidManifest.xml:74:9-77:20
	android:screenOrientation
		ADDED from src\main\AndroidManifest.xml:76:13-49
	android:name
		ADDED from src\main\AndroidManifest.xml:75:13-60
activity#com.chd.contacts.ui.Contacts
ADDED from src\main\AndroidManifest.xml:78:9-81:20
	android:screenOrientation
		ADDED from src\main\AndroidManifest.xml:80:13-49
	android:name
		ADDED from src\main\AndroidManifest.xml:79:13-56
activity#com.lockscreen.pattern.UnlockGesturePasswordActivity
ADDED from src\main\AndroidManifest.xml:84:9-87:52
	android:screenOrientation
		ADDED from src\main\AndroidManifest.xml:87:13-49
	android:name
		ADDED from src\main\AndroidManifest.xml:85:13-80
	android:launchMode
		ADDED from src\main\AndroidManifest.xml:86:13-44
activity#com.lockscreen.pattern.UnlockGesturePassword2Activity
ADDED from src\main\AndroidManifest.xml:88:9-91:52
	android:screenOrientation
		ADDED from src\main\AndroidManifest.xml:91:13-49
	android:name
		ADDED from src\main\AndroidManifest.xml:89:13-81
	android:launchMode
		ADDED from src\main\AndroidManifest.xml:90:13-44
activity#com.lockscreen.pattern.OffUnlockPasswordActivity
ADDED from src\main\AndroidManifest.xml:92:9-95:52
	android:screenOrientation
		ADDED from src\main\AndroidManifest.xml:95:13-49
	android:name
		ADDED from src\main\AndroidManifest.xml:93:13-76
	android:launchMode
		ADDED from src\main\AndroidManifest.xml:94:13-44
activity#com.lockscreen.pattern.CreateGesturePasswordActivity
ADDED from src\main\AndroidManifest.xml:96:9-99:52
	android:screenOrientation
		ADDED from src\main\AndroidManifest.xml:99:13-49
	android:name
		ADDED from src\main\AndroidManifest.xml:97:13-80
	android:launchMode
		ADDED from src\main\AndroidManifest.xml:98:13-44
activity#com.lockscreen.pattern.GuideGesturePasswordActivity
ADDED from src\main\AndroidManifest.xml:100:9-103:52
	android:screenOrientation
		ADDED from src\main\AndroidManifest.xml:103:13-49
	android:name
		ADDED from src\main\AndroidManifest.xml:101:13-79
	android:launchMode
		ADDED from src\main\AndroidManifest.xml:102:13-44
activity#com.chd.yunpan.ui.SettingActivity
ADDED from src\main\AndroidManifest.xml:104:9-107:52
	android:screenOrientation
		ADDED from src\main\AndroidManifest.xml:107:13-49
	android:name
		ADDED from src\main\AndroidManifest.xml:105:13-61
	android:launchMode
		ADDED from src\main\AndroidManifest.xml:106:13-44
activity#com.chd.yunpan.ui.AboutActivity
ADDED from src\main\AndroidManifest.xml:108:9-111:52
	android:screenOrientation
		ADDED from src\main\AndroidManifest.xml:111:13-49
	android:name
		ADDED from src\main\AndroidManifest.xml:109:13-59
	android:launchMode
		ADDED from src\main\AndroidManifest.xml:110:13-44
activity#com.chd.yunpan.ui.UpLoadActivity
ADDED from src\main\AndroidManifest.xml:112:9-115:52
	android:screenOrientation
		ADDED from src\main\AndroidManifest.xml:115:13-49
	android:name
		ADDED from src\main\AndroidManifest.xml:113:13-60
	android:launchMode
		ADDED from src\main\AndroidManifest.xml:114:13-44
activity#com.chd.yunpan.ui.PhotoShowActivity
ADDED from src\main\AndroidManifest.xml:116:9-119:52
	android:screenOrientation
		ADDED from src\main\AndroidManifest.xml:119:13-49
	android:name
		ADDED from src\main\AndroidManifest.xml:117:13-63
	android:launchMode
		ADDED from src\main\AndroidManifest.xml:118:13-44
activity#com.chd.yunpan.ui.AutoPhotoBackupsActivity
ADDED from src\main\AndroidManifest.xml:120:9-123:52
	android:screenOrientation
		ADDED from src\main\AndroidManifest.xml:123:13-49
	android:name
		ADDED from src\main\AndroidManifest.xml:121:13-70
	android:launchMode
		ADDED from src\main\AndroidManifest.xml:122:13-44
activity#com.chd.yunpan.ui.AutoPhotoBackupChooseAlbumAvtivity
ADDED from src\main\AndroidManifest.xml:124:9-127:52
	android:screenOrientation
		ADDED from src\main\AndroidManifest.xml:127:13-49
	android:name
		ADDED from src\main\AndroidManifest.xml:125:13-80
	android:launchMode
		ADDED from src\main\AndroidManifest.xml:126:13-44
activity#com.chd.yunpan.ui.FindPwdActivity
ADDED from src\main\AndroidManifest.xml:128:9-131:52
	android:screenOrientation
		ADDED from src\main\AndroidManifest.xml:131:13-49
	android:name
		ADDED from src\main\AndroidManifest.xml:129:13-61
	android:launchMode
		ADDED from src\main\AndroidManifest.xml:130:13-44
activity#com.chd.yunpan.ui.DownloadED
ADDED from src\main\AndroidManifest.xml:132:9-135:52
	android:screenOrientation
		ADDED from src\main\AndroidManifest.xml:135:13-49
	android:name
		ADDED from src\main\AndroidManifest.xml:133:13-56
	android:launchMode
		ADDED from src\main\AndroidManifest.xml:134:13-44
activity#com.chd.photo.ui.PicActivity
ADDED from src\main\AndroidManifest.xml:136:9-139:52
	android:screenOrientation
		ADDED from src\main\AndroidManifest.xml:139:13-49
	android:name
		ADDED from src\main\AndroidManifest.xml:137:13-56
	android:launchMode
		ADDED from src\main\AndroidManifest.xml:138:13-44
activity#com.chd.photo.ui.PicEditActivity
ADDED from src\main\AndroidManifest.xml:140:9-143:52
	android:screenOrientation
		ADDED from src\main\AndroidManifest.xml:143:13-49
	android:name
		ADDED from src\main\AndroidManifest.xml:141:13-60
	android:launchMode
		ADDED from src\main\AndroidManifest.xml:142:13-44
activity#com.chd.photo.ui.PicDetailActivity
ADDED from src\main\AndroidManifest.xml:144:9-147:52
	android:screenOrientation
		ADDED from src\main\AndroidManifest.xml:147:13-49
	android:name
		ADDED from src\main\AndroidManifest.xml:145:13-62
	android:launchMode
		ADDED from src\main\AndroidManifest.xml:146:13-44
activity#com.chd.yunpan.ui.netdiskActivity
ADDED from src\main\AndroidManifest.xml:148:9-151:52
	android:screenOrientation
		ADDED from src\main\AndroidManifest.xml:151:13-49
	android:name
		ADDED from src\main\AndroidManifest.xml:149:13-61
	android:launchMode
		ADDED from src\main\AndroidManifest.xml:150:13-44
activity#com.chd.userinfo.ui.UserInfoActivity
ADDED from src\main\AndroidManifest.xml:152:9-155:52
	android:screenOrientation
		ADDED from src\main\AndroidManifest.xml:155:13-49
	android:name
		ADDED from src\main\AndroidManifest.xml:153:13-64
	android:launchMode
		ADDED from src\main\AndroidManifest.xml:154:13-44
activity#com.chd.userinfo.ui.UserInfoEditActivity
ADDED from src\main\AndroidManifest.xml:156:9-159:52
	android:screenOrientation
		ADDED from src\main\AndroidManifest.xml:159:13-49
	android:name
		ADDED from src\main\AndroidManifest.xml:157:13-68
	android:launchMode
		ADDED from src\main\AndroidManifest.xml:158:13-44
activity#com.chd.yunpan.ui.CRBTActivity
ADDED from src\main\AndroidManifest.xml:160:9-163:52
	android:screenOrientation
		ADDED from src\main\AndroidManifest.xml:163:13-49
	android:name
		ADDED from src\main\AndroidManifest.xml:161:13-58
	android:launchMode
		ADDED from src\main\AndroidManifest.xml:162:13-44
activity#com.chd.payfor.ui.OpenSpaceActivity
ADDED from src\main\AndroidManifest.xml:164:9-167:52
	android:screenOrientation
		ADDED from src\main\AndroidManifest.xml:167:13-49
	android:name
		ADDED from src\main\AndroidManifest.xml:165:13-63
	android:launchMode
		ADDED from src\main\AndroidManifest.xml:166:13-44
activity#com.chd.payfor.ui.PayForActivity
ADDED from src\main\AndroidManifest.xml:168:9-171:52
	android:screenOrientation
		ADDED from src\main\AndroidManifest.xml:171:13-49
	android:name
		ADDED from src\main\AndroidManifest.xml:169:13-60
	android:launchMode
		ADDED from src\main\AndroidManifest.xml:170:13-44
activity#com.chd.payfor.ui.PayForResultActivity
ADDED from src\main\AndroidManifest.xml:172:9-175:52
	android:screenOrientation
		ADDED from src\main\AndroidManifest.xml:175:13-49
	android:name
		ADDED from src\main\AndroidManifest.xml:173:13-66
	android:launchMode
		ADDED from src\main\AndroidManifest.xml:174:13-44
activity#com.chd.other.ui.OtherActivity
ADDED from src\main\AndroidManifest.xml:176:9-179:52
	android:screenOrientation
		ADDED from src\main\AndroidManifest.xml:179:13-49
	android:name
		ADDED from src\main\AndroidManifest.xml:177:13-58
	android:launchMode
		ADDED from src\main\AndroidManifest.xml:178:13-44
service#com.chd.service.SyncFileService
ADDED from src\main\AndroidManifest.xml:181:9-182:19
	android:name
		ADDED from src\main\AndroidManifest.xml:181:18-64
android:uses-permission#android.permission.READ_PHONE_STATE
IMPLIED from src\main\AndroidManifest.xml:1:1-190:12 reason: com.chd.api has a targetSdkVersion < 4
android:uses-permission#android.permission.READ_EXTERNAL_STORAGE
IMPLIED from src\main\AndroidManifest.xml:1:1-190:12 reason: com.chd.api requested WRITE_EXTERNAL_STORAGE